  main.cpp
c:\users\raix\source\repos\hw5\hw5\vectors.hpp(54): warning C4305: '*=': 'double'에서 'float'(으)로 잘립니다.
c:\users\raix\source\repos\hw5\hw5\vectors.hpp(72): warning C4305: '*=': 'double'에서 'float'(으)로 잘립니다.
c:\users\raix\source\repos\hw5\hw5\vectors.hpp(119): warning C4305: '*=': 'double'에서 'float'(으)로 잘립니다.
c:\users\raix\source\repos\hw5\hw5\vectors.hpp(120): warning C4305: '*=': 'double'에서 'float'(으)로 잘립니다.
c:\users\raix\source\repos\hw5\hw5\vectors.hpp(137): warning C4244: '=': 'double'에서 'float'(으)로 변환하면서 데이터가 손실될 수 있습니다.
c:\users\raix\source\repos\hw5\hw5\vectors.hpp(138): warning C4244: '=': 'double'에서 'float'(으)로 변환하면서 데이터가 손실될 수 있습니다.
c:\users\raix\source\repos\hw5\hw5\vectors.hpp(139): warning C4244: '=': 'double'에서 'float'(으)로 변환하면서 데이터가 손실될 수 있습니다.
c:\users\raix\source\repos\hw5\hw5\vectors.hpp(159): warning C4244: 'return': 'double'에서 'float'(으)로 변환하면서 데이터가 손실될 수 있습니다.
c:\users\raix\source\repos\hw5\hw5\vectors.hpp(171): warning C4244: 'return': 'double'에서 'float'(으)로 변환하면서 데이터가 손실될 수 있습니다.
c:\users\raix\source\repos\hw5\hw5\vectors.hpp(175): warning C4244: 'return': 'double'에서 'float'(으)로 변환하면서 데이터가 손실될 수 있습니다.
c:\users\raix\source\repos\hw5\hw5\vectors.hpp(190): warning C4305: '*=': 'double'에서 'float'(으)로 잘립니다.
c:\users\raix\source\repos\hw5\hw5\vectors.hpp(197): warning C4305: '*=': 'double'에서 'float'(으)로 잘립니다.
c:\users\raix\source\repos\hw5\hw5\vectors.hpp(204): warning C4305: '*=': 'double'에서 'float'(으)로 잘립니다.
c:\users\raix\source\repos\hw5\hw5\matrix.hpp(46): warning C4244: '=': 'double'에서 'float'(으)로 변환하면서 데이터가 손실될 수 있습니다.
c:\users\raix\source\repos\hw5\hw5\matrix.hpp(71): warning C4244: '인수': 'double'에서 'float'(으)로 변환하면서 데이터가 손실될 수 있습니다.
c:\users\raix\source\repos\hw5\hw5\matrix.hpp(123): warning C4244: '=': 'double'에서 'float'(으)로 변환하면서 데이터가 손실될 수 있습니다.
c:\users\raix\source\repos\hw5\hw5\matrix.hpp(150): warning C4244: '=': 'double'에서 'float'(으)로 변환하면서 데이터가 손실될 수 있습니다.
c:\users\raix\source\repos\hw5\hw5\matrix.hpp(311): warning C4244: '=': 'double'에서 'float'(으)로 변환하면서 데이터가 손실될 수 있습니다.
c:\users\raix\source\repos\hw5\hw5\matrix.hpp(351): warning C4244: '=': 'double'에서 'float'(으)로 변환하면서 데이터가 손실될 수 있습니다.
c:\users\raix\source\repos\hw5\hw5\quaternion.hpp(54): warning C4305: '*=': 'double'에서 'float'(으)로 잘립니다.
c:\users\raix\source\repos\hw5\hw5\quaternion.hpp(55): warning C4244: '초기화 중': 'double'에서 'float'(으)로 변환하면서 데이터가 손실될 수 있습니다.
c:\users\raix\source\repos\hw5\hw5\quaternion.hpp(56): warning C4244: '인수': 'double'에서 'float'(으)로 변환하면서 데이터가 손실될 수 있습니다.
c:\users\raix\source\repos\hw5\hw5\quaternion.hpp(60): warning C4305: '*=': 'double'에서 'float'(으)로 잘립니다.
c:\users\raix\source\repos\hw5\hw5\quaternion.hpp(61): warning C4305: '*=': 'double'에서 'float'(으)로 잘립니다.
c:\users\raix\source\repos\hw5\hw5\quaternion.hpp(62): warning C4305: '*=': 'double'에서 'float'(으)로 잘립니다.
c:\users\raix\source\repos\hw5\hw5\quaternion.hpp(94): warning C4244: '인수': 'double'에서 'float'(으)로 변환하면서 데이터가 손실될 수 있습니다.
c:\users\raix\source\repos\hw5\hw5\arcball.hpp(59): warning C4244: '인수': 'double'에서 'float'(으)로 변환하면서 데이터가 손실될 수 있습니다.
c:\users\raix\source\repos\hw5\hw5\arcball.hpp(65): warning C4244: '=': 'double'에서 'float'(으)로 변환하면서 데이터가 손실될 수 있습니다.
c:\users\raix\source\repos\hw5\hw5\arcball.hpp(110): warning C4244: '=': 'double'에서 'float'(으)로 변환하면서 데이터가 손실될 수 있습니다.
c:\users\raix\source\repos\hw5\hw5\arcball.hpp(111): warning C4244: '=': 'double'에서 'float'(으)로 변환하면서 데이터가 손실될 수 있습니다.
c:\users\raix\source\repos\hw5\hw5\arcball.hpp(112): warning C4244: '=': 'double'에서 'float'(으)로 변환하면서 데이터가 손실될 수 있습니다.
c:\users\raix\source\repos\hw5\hw5\arcball.hpp(115): warning C4244: '=': 'double'에서 'float'(으)로 변환하면서 데이터가 손실될 수 있습니다.
c:\users\raix\source\repos\hw5\hw5\arcball.hpp(116): warning C4244: '=': 'double'에서 'float'(으)로 변환하면서 데이터가 손실될 수 있습니다.
c:\users\raix\source\repos\hw5\hw5\arcball.hpp(117): warning C4244: '=': 'double'에서 'float'(으)로 변환하면서 데이터가 손실될 수 있습니다.
c:\users\raix\source\repos\hw5\hw5\arcball.hpp(120): warning C4244: '=': 'double'에서 'float'(으)로 변환하면서 데이터가 손실될 수 있습니다.
c:\users\raix\source\repos\hw5\hw5\arcball.hpp(121): warning C4244: '=': 'double'에서 'float'(으)로 변환하면서 데이터가 손실될 수 있습니다.
c:\users\raix\source\repos\hw5\hw5\arcball.hpp(122): warning C4244: '=': 'double'에서 'float'(으)로 변환하면서 데이터가 손실될 수 있습니다.
c:\users\raix\source\repos\hw5\hw5\arcball.hpp(169): warning C4244: '=': 'double'에서 'float'(으)로 변환하면서 데이터가 손실될 수 있습니다.
c:\users\raix\source\repos\hw5\hw5\arcball.hpp(170): warning C4244: '=': 'double'에서 'float'(으)로 변환하면서 데이터가 손실될 수 있습니다.
c:\users\raix\source\repos\hw5\hw5\main.cpp(67): warning C4244: 'return': 'double'에서 'float'(으)로 변환하면서 데이터가 손실될 수 있습니다.
c:\users\raix\source\repos\hw5\hw5\main.cpp(86): warning C4244: '인수': 'double'에서 'float'(으)로 변환하면서 데이터가 손실될 수 있습니다.
c:\users\raix\source\repos\hw5\hw5\main.cpp(87): warning C4244: '인수': 'double'에서 'float'(으)로 변환하면서 데이터가 손실될 수 있습니다.
c:\users\raix\source\repos\hw5\hw5\main.cpp(88): warning C4244: '인수': 'double'에서 'float'(으)로 변환하면서 데이터가 손실될 수 있습니다.
c:\users\raix\source\repos\hw5\hw5\main.cpp(91): warning C4244: 'return': 'double'에서 'float'(으)로 변환하면서 데이터가 손실될 수 있습니다.
c:\users\raix\source\repos\hw5\hw5\main.cpp(71): warning C4101: 'tam_pas' :참조되지 않은 지역 변수입니다.
c:\users\raix\source\repos\hw5\hw5\main.cpp(94): warning C4244: '초기화 중': 'float'에서 'int'(으)로 변환하면서 데이터가 손실될 수 있습니다.
c:\users\raix\source\repos\hw5\hw5\main.cpp(95): warning C4244: '초기화 중': 'float'에서 'int'(으)로 변환하면서 데이터가 손실될 수 있습니다.
c:\users\raix\source\repos\hw5\hw5\main.cpp(96): warning C4244: '초기화 중': 'float'에서 'int'(으)로 변환하면서 데이터가 손실될 수 있습니다.
c:\users\raix\source\repos\hw5\hw5\main.cpp(98): warning C4244: '=': 'int'에서 'float'(으)로 변환하면서 데이터가 손실될 수 있습니다.
c:\users\raix\source\repos\hw5\hw5\main.cpp(99): warning C4244: '=': 'int'에서 'float'(으)로 변환하면서 데이터가 손실될 수 있습니다.
c:\users\raix\source\repos\hw5\hw5\main.cpp(100): warning C4244: '=': 'int'에서 'float'(으)로 변환하면서 데이터가 손실될 수 있습니다.
c:\users\raix\source\repos\hw5\hw5\main.cpp(110): warning C4244: '인수': 'time_t'에서 'unsigned int'(으)로 변환하면서 데이터가 손실될 수 있습니다.
c:\users\raix\source\repos\hw5\hw5\main.cpp(125): warning C4244: '인수': 'int'에서 'float'(으)로 변환하면서 데이터가 손실될 수 있습니다.
c:\users\raix\source\repos\hw5\hw5\main.cpp(127): warning C4244: '=': 'float'에서 'GLubyte'(으)로 변환하면서 데이터가 손실될 수 있습니다.
c:\users\raix\source\repos\hw5\hw5\main.cpp(128): warning C4244: '=': 'float'에서 'GLubyte'(으)로 변환하면서 데이터가 손실될 수 있습니다.
c:\users\raix\source\repos\hw5\hw5\main.cpp(129): warning C4244: '=': 'float'에서 'GLubyte'(으)로 변환하면서 데이터가 손실될 수 있습니다.
c:\users\raix\source\repos\hw5\hw5\main.cpp(106): warning C4101: 'color' :참조되지 않은 지역 변수입니다.
c:\users\raix\source\repos\hw5\hw5\main.cpp(146): warning C4305: '초기화 중': 'double'에서 'float'(으)로 잘립니다.
c:\users\raix\source\repos\hw5\hw5\main.cpp(147): warning C4305: '초기화 중': 'double'에서 'float'(으)로 잘립니다.
c:\users\raix\source\repos\hw5\hw5\main.cpp(289): warning C4838: 'double'에서 'GLfloat'(으)로의 변환에는 축소 변환이 필요합니다.
c:\users\raix\source\repos\hw5\hw5\main.cpp(289): warning C4244: '초기화 중': 'double'에서 'GLfloat'(으)로 변환하면서 데이터가 손실될 수 있습니다.
c:\users\raix\source\repos\hw5\hw5\main.cpp(290): warning C4305: '초기화 중': 'double'에서 'GLfloat'(으)로 잘립니다.
c:\users\raix\source\repos\hw5\hw5\main.cpp(300): warning C4305: '초기화 중': 'double'에서 'GLfloat'(으)로 잘립니다.
c:\users\raix\source\repos\hw5\hw5\main.cpp(301): warning C4305: '초기화 중': 'double'에서 'GLfloat'(으)로 잘립니다.
c:\users\raix\source\repos\hw5\hw5\main.cpp(302): warning C4305: '초기화 중': 'double'에서 'GLfloat'(으)로 잘립니다.
c:\users\raix\source\repos\hw5\hw5\main.cpp(310): warning C4838: 'double'에서 'GLfloat'(으)로의 변환에는 축소 변환이 필요합니다.
c:\users\raix\source\repos\hw5\hw5\main.cpp(310): warning C4244: '초기화 중': 'double'에서 'GLfloat'(으)로 변환하면서 데이터가 손실될 수 있습니다.
c:\users\raix\source\repos\hw5\hw5\main.cpp(311): warning C4305: '초기화 중': 'double'에서 'GLfloat'(으)로 잘립니다.
c:\users\raix\source\repos\hw5\hw5\main.cpp(320): warning C4838: 'double'에서 'GLfloat'(으)로의 변환에는 축소 변환이 필요합니다.
c:\users\raix\source\repos\hw5\hw5\main.cpp(320): warning C4244: '초기화 중': 'double'에서 'GLfloat'(으)로 변환하면서 데이터가 손실될 수 있습니다.
c:\users\raix\source\repos\hw5\hw5\main.cpp(321): warning C4305: '초기화 중': 'double'에서 'GLfloat'(으)로 잘립니다.
c:\users\raix\source\repos\hw5\hw5\main.cpp(330): warning C4838: 'double'에서 'GLfloat'(으)로의 변환에는 축소 변환이 필요합니다.
c:\users\raix\source\repos\hw5\hw5\main.cpp(330): warning C4244: '초기화 중': 'double'에서 'GLfloat'(으)로 변환하면서 데이터가 손실될 수 있습니다.
c:\users\raix\source\repos\hw5\hw5\main.cpp(331): warning C4305: '초기화 중': 'double'에서 'GLfloat'(으)로 잘립니다.
c:\users\raix\source\repos\hw5\hw5\main.cpp(340): warning C4838: 'double'에서 'GLfloat'(으)로의 변환에는 축소 변환이 필요합니다.
c:\users\raix\source\repos\hw5\hw5\main.cpp(340): warning C4244: '초기화 중': 'double'에서 'GLfloat'(으)로 변환하면서 데이터가 손실될 수 있습니다.
c:\users\raix\source\repos\hw5\hw5\main.cpp(350): warning C4838: 'double'에서 'GLfloat'(으)로의 변환에는 축소 변환이 필요합니다.
c:\users\raix\source\repos\hw5\hw5\main.cpp(350): warning C4244: '초기화 중': 'double'에서 'GLfloat'(으)로 변환하면서 데이터가 손실될 수 있습니다.
c:\users\raix\source\repos\hw5\hw5\main.cpp(351): warning C4305: '초기화 중': 'double'에서 'GLfloat'(으)로 잘립니다.
c:\users\raix\source\repos\hw5\hw5\main.cpp(360): warning C4838: 'double'에서 'GLfloat'(으)로의 변환에는 축소 변환이 필요합니다.
c:\users\raix\source\repos\hw5\hw5\main.cpp(360): warning C4244: '초기화 중': 'double'에서 'GLfloat'(으)로 변환하면서 데이터가 손실될 수 있습니다.
c:\users\raix\source\repos\hw5\hw5\main.cpp(361): warning C4305: '초기화 중': 'double'에서 'GLfloat'(으)로 잘립니다.
c:\users\raix\source\repos\hw5\hw5\main.cpp(370): warning C4305: '초기화 중': 'double'에서 'GLfloat'(으)로 잘립니다.
c:\users\raix\source\repos\hw5\hw5\main.cpp(371): warning C4305: '초기화 중': 'double'에서 'GLfloat'(으)로 잘립니다.
c:\users\raix\source\repos\hw5\hw5\main.cpp(380): warning C4838: 'double'에서 'GLfloat'(으)로의 변환에는 축소 변환이 필요합니다.
c:\users\raix\source\repos\hw5\hw5\main.cpp(380): warning C4244: '초기화 중': 'double'에서 'GLfloat'(으)로 변환하면서 데이터가 손실될 수 있습니다.
c:\users\raix\source\repos\hw5\hw5\main.cpp(381): warning C4305: '초기화 중': 'double'에서 'GLfloat'(으)로 잘립니다.
c:\users\raix\source\repos\hw5\hw5\main.cpp(382): warning C4305: '초기화 중': 'double'에서 'GLfloat'(으)로 잘립니다.
c:\users\raix\source\repos\hw5\hw5\main.cpp(390): warning C4838: 'double'에서 'GLfloat'(으)로의 변환에는 축소 변환이 필요합니다.
c:\users\raix\source\repos\hw5\hw5\main.cpp(390): warning C4244: '초기화 중': 'double'에서 'GLfloat'(으)로 변환하면서 데이터가 손실될 수 있습니다.
c:\users\raix\source\repos\hw5\hw5\main.cpp(391): warning C4305: '초기화 중': 'double'에서 'GLfloat'(으)로 잘립니다.
c:\users\raix\source\repos\hw5\hw5\main.cpp(400): warning C4838: 'double'에서 'GLfloat'(으)로의 변환에는 축소 변환이 필요합니다.
c:\users\raix\source\repos\hw5\hw5\main.cpp(400): warning C4244: '초기화 중': 'double'에서 'GLfloat'(으)로 변환하면서 데이터가 손실될 수 있습니다.
c:\users\raix\source\repos\hw5\hw5\main.cpp(401): warning C4305: '초기화 중': 'double'에서 'GLfloat'(으)로 잘립니다.
c:\users\raix\source\repos\hw5\hw5\main.cpp(402): warning C4305: '초기화 중': 'double'에서 'GLfloat'(으)로 잘립니다.
c:\users\raix\source\repos\hw5\hw5\main.cpp(410): warning C4838: 'double'에서 'GLfloat'(으)로의 변환에는 축소 변환이 필요합니다.
c:\users\raix\source\repos\hw5\hw5\main.cpp(410): warning C4244: '초기화 중': 'double'에서 'GLfloat'(으)로 변환하면서 데이터가 손실될 수 있습니다.
c:\users\raix\source\repos\hw5\hw5\main.cpp(411): warning C4305: '초기화 중': 'double'에서 'GLfloat'(으)로 잘립니다.
c:\users\raix\source\repos\hw5\hw5\main.cpp(412): warning C4305: '초기화 중': 'double'에서 'GLfloat'(으)로 잘립니다.
c:\users\raix\source\repos\hw5\hw5\main.cpp(420): warning C4305: '초기화 중': 'double'에서 'GLfloat'(으)로 잘립니다.
c:\users\raix\source\repos\hw5\hw5\main.cpp(421): warning C4305: '초기화 중': 'double'에서 'GLfloat'(으)로 잘립니다.
c:\users\raix\source\repos\hw5\hw5\main.cpp(422): warning C4305: '초기화 중': 'double'에서 'GLfloat'(으)로 잘립니다.
c:\users\raix\source\repos\hw5\hw5\main.cpp(430): warning C4838: 'double'에서 'GLfloat'(으)로의 변환에는 축소 변환이 필요합니다.
c:\users\raix\source\repos\hw5\hw5\main.cpp(430): warning C4244: '초기화 중': 'double'에서 'GLfloat'(으)로 변환하면서 데이터가 손실될 수 있습니다.
c:\users\raix\source\repos\hw5\hw5\main.cpp(431): warning C4305: '초기화 중': 'double'에서 'GLfloat'(으)로 잘립니다.
c:\users\raix\source\repos\hw5\hw5\main.cpp(432): warning C4305: '초기화 중': 'double'에서 'GLfloat'(으)로 잘립니다.
c:\users\raix\source\repos\hw5\hw5\main.cpp(446): warning C4305: '인수': 'double'에서 'float'(으)로 잘립니다.
c:\users\raix\source\repos\hw5\hw5\main.cpp(447): warning C4305: '인수': 'double'에서 'float'(으)로 잘립니다.
c:\users\raix\source\repos\hw5\hw5\main.cpp(448): warning C4305: '인수': 'double'에서 'float'(으)로 잘립니다.
c:\users\raix\source\repos\hw5\hw5\main.cpp(461): warning C4305: '인수': 'double'에서 'GLfloat'(으)로 잘립니다.
c:\users\raix\source\repos\hw5\hw5\main.cpp(473): warning C4305: '인수': 'double'에서 'GLfloat'(으)로 잘립니다.
c:\users\raix\source\repos\hw5\hw5\main.cpp(698): warning C4305: '인수': 'double'에서 'GLfloat'(으)로 잘립니다.
c:\users\raix\source\repos\hw5\hw5\main.cpp(751): warning C4244: '인수': 'double'에서 'GLfloat'(으)로 변환하면서 데이터가 손실될 수 있습니다.
c:\users\raix\source\repos\hw5\hw5\main.cpp(767): warning C4305: '인수': 'double'에서 'GLfloat'(으)로 잘립니다.
c:\users\raix\source\repos\hw5\hw5\main.cpp(768): warning C4305: '인수': 'double'에서 'float'(으)로 잘립니다.
c:\users\raix\source\repos\hw5\hw5\main.cpp(780): warning C4305: '인수': 'double'에서 'GLfloat'(으)로 잘립니다.
c:\users\raix\source\repos\hw5\hw5\main.cpp(782): warning C4305: '인수': 'double'에서 'float'(으)로 잘립니다.
c:\users\raix\source\repos\hw5\hw5\main.cpp(797): warning C4305: '인수': 'double'에서 'GLfloat'(으)로 잘립니다.
c:\users\raix\source\repos\hw5\hw5\main.cpp(867): warning C4244: '인수': 'double'에서 'GLfloat'(으)로 변환하면서 데이터가 손실될 수 있습니다.
c:\users\raix\source\repos\hw5\hw5\main.cpp(882): warning C4244: '인수': 'double'에서 'GLfloat'(으)로 변환하면서 데이터가 손실될 수 있습니다.
c:\users\raix\source\repos\hw5\hw5\main.cpp(889): warning C4244: '인수': 'double'에서 'GLfloat'(으)로 변환하면서 데이터가 손실될 수 있습니다.
c:\users\raix\source\repos\hw5\hw5\main.cpp(896): warning C4244: '인수': 'double'에서 'GLfloat'(으)로 변환하면서 데이터가 손실될 수 있습니다.
c:\users\raix\source\repos\hw5\hw5\main.cpp(903): warning C4244: '인수': 'double'에서 'GLfloat'(으)로 변환하면서 데이터가 손실될 수 있습니다.
c:\users\raix\source\repos\hw5\hw5\main.cpp(910): warning C4244: '인수': 'double'에서 'GLfloat'(으)로 변환하면서 데이터가 손실될 수 있습니다.
c:\users\raix\source\repos\hw5\hw5\main.cpp(949): warning C4305: '인수': 'double'에서 'float'(으)로 잘립니다.
c:\users\raix\source\repos\hw5\hw5\main.cpp(957): warning C4244: '인수': 'double'에서 'GLfloat'(으)로 변환하면서 데이터가 손실될 수 있습니다.
c:\users\raix\source\repos\hw5\hw5\main.cpp(966): warning C4305: '인수': 'double'에서 'GLfloat'(으)로 잘립니다.
c:\users\raix\source\repos\hw5\hw5\main.cpp(977): warning C4305: '인수': 'double'에서 'GLfloat'(으)로 잘립니다.
c:\users\raix\source\repos\hw5\hw5\main.cpp(1000): warning C4244: '인수': 'int'에서 'GLfloat'(으)로 변환하면서 데이터가 손실될 수 있습니다.
c:\users\raix\source\repos\hw5\hw5\main.cpp(1035): warning C4305: '인수': 'double'에서 'GLfloat'(으)로 잘립니다.
c:\users\raix\source\repos\hw5\hw5\main.cpp(1038): warning C4305: '인수': 'double'에서 'GLfloat'(으)로 잘립니다.
c:\users\raix\source\repos\hw5\hw5\main.cpp(1040): warning C4305: '인수': 'double'에서 'GLfloat'(으)로 잘립니다.
c:\users\raix\source\repos\hw5\hw5\main.cpp(1043): warning C4305: '인수': 'double'에서 'GLfloat'(으)로 잘립니다.
c:\users\raix\source\repos\hw5\hw5\main.cpp(1045): warning C4305: '인수': 'double'에서 'GLfloat'(으)로 잘립니다.
c:\users\raix\source\repos\hw5\hw5\main.cpp(1050): warning C4305: '인수': 'double'에서 'GLfloat'(으)로 잘립니다.
c:\users\raix\source\repos\hw5\hw5\main.cpp(1052): warning C4305: '인수': 'double'에서 'GLfloat'(으)로 잘립니다.
c:\users\raix\source\repos\hw5\hw5\main.cpp(1055): warning C4305: '인수': 'double'에서 'GLfloat'(으)로 잘립니다.
c:\users\raix\source\repos\hw5\hw5\main.cpp(1057): warning C4305: '인수': 'double'에서 'GLfloat'(으)로 잘립니다.
c:\users\raix\source\repos\hw5\hw5\main.cpp(1060): warning C4305: '인수': 'double'에서 'GLfloat'(으)로 잘립니다.
c:\users\raix\source\repos\hw5\hw5\main.cpp(1062): warning C4305: '인수': 'double'에서 'GLfloat'(으)로 잘립니다.
c:\users\raix\source\repos\hw5\hw5\main.cpp(1068): warning C4305: '인수': 'double'에서 'GLfloat'(으)로 잘립니다.
c:\users\raix\source\repos\hw5\hw5\main.cpp(1070): warning C4305: '인수': 'double'에서 'GLfloat'(으)로 잘립니다.
c:\users\raix\source\repos\hw5\hw5\main.cpp(1073): warning C4305: '인수': 'double'에서 'GLfloat'(으)로 잘립니다.
c:\users\raix\source\repos\hw5\hw5\main.cpp(1075): warning C4305: '인수': 'double'에서 'GLfloat'(으)로 잘립니다.
c:\users\raix\source\repos\hw5\hw5\main.cpp(1077): warning C4305: '인수': 'double'에서 'GLfloat'(으)로 잘립니다.
c:\users\raix\source\repos\hw5\hw5\main.cpp(1079): warning C4305: '인수': 'double'에서 'GLfloat'(으)로 잘립니다.
c:\users\raix\source\repos\hw5\hw5\main.cpp(1081): warning C4305: '인수': 'double'에서 'GLfloat'(으)로 잘립니다.
c:\users\raix\source\repos\hw5\hw5\main.cpp(1083): warning C4305: '인수': 'double'에서 'GLfloat'(으)로 잘립니다.
c:\users\raix\source\repos\hw5\hw5\main.cpp(1145): warning C4244: '인수': 'double'에서 'GLfloat'(으)로 변환하면서 데이터가 손실될 수 있습니다.
c:\users\raix\source\repos\hw5\hw5\main.cpp(1260): warning C4244: '인수': 'int'에서 'GLfloat'(으)로 변환하면서 데이터가 손실될 수 있습니다.
c:\users\raix\source\repos\hw5\hw5\main.cpp(1265): warning C4305: '인수': 'double'에서 'GLfloat'(으)로 잘립니다.
c:\users\raix\source\repos\hw5\hw5\main.cpp(1296): warning C4305: '인수': 'double'에서 'float'(으)로 잘립니다.
c:\users\raix\source\repos\hw5\hw5\main.cpp(1300): warning C4305: '인수': 'double'에서 'GLfloat'(으)로 잘립니다.
c:\users\raix\source\repos\hw5\hw5\main.cpp(1309): warning C4244: '인수': 'int'에서 'GLfloat'(으)로 변환하면서 데이터가 손실될 수 있습니다.
c:\users\raix\source\repos\hw5\hw5\main.cpp(1311): warning C4244: '인수': 'int'에서 'GLfloat'(으)로 변환하면서 데이터가 손실될 수 있습니다.
c:\users\raix\source\repos\hw5\hw5\main.cpp(1354): warning C4305: '인수': 'double'에서 'GLfloat'(으)로 잘립니다.
c:\users\raix\source\repos\hw5\hw5\main.cpp(1356): warning C4305: '인수': 'double'에서 'GLfloat'(으)로 잘립니다.
c:\users\raix\source\repos\hw5\hw5\main.cpp(1673): warning C4838: 'double'에서 'GLfloat'(으)로의 변환에는 축소 변환이 필요합니다.
c:\users\raix\source\repos\hw5\hw5\main.cpp(1673): warning C4244: '초기화 중': 'double'에서 'GLfloat'(으)로 변환하면서 데이터가 손실될 수 있습니다.
c:\users\raix\source\repos\hw5\hw5\main.cpp(1674): warning C4838: 'double'에서 'GLfloat'(으)로의 변환에는 축소 변환이 필요합니다.
c:\users\raix\source\repos\hw5\hw5\main.cpp(1674): warning C4244: '초기화 중': 'double'에서 'GLfloat'(으)로 변환하면서 데이터가 손실될 수 있습니다.
c:\users\raix\source\repos\hw5\hw5\main.cpp(1675): warning C4838: 'double'에서 'GLfloat'(으)로의 변환에는 축소 변환이 필요합니다.
c:\users\raix\source\repos\hw5\hw5\main.cpp(1675): warning C4244: '초기화 중': 'double'에서 'GLfloat'(으)로 변환하면서 데이터가 손실될 수 있습니다.
c:\users\raix\source\repos\hw5\hw5\main.cpp(1946): warning C4244: '인수': 'int'에서 'float'(으)로 변환하면서 데이터가 손실될 수 있습니다.
c:\users\raix\source\repos\hw5\hw5\main.cpp(1953): warning C4244: '인수': 'int'에서 'float'(으)로 변환하면서 데이터가 손실될 수 있습니다.
c:\users\raix\source\repos\hw5\hw5\main.cpp(1960): warning C4244: '인수': 'int'에서 'float'(으)로 변환하면서 데이터가 손실될 수 있습니다.
c:\users\raix\source\repos\hw5\hw5\main.cpp(1969): warning C4244: '인수': 'int'에서 'float'(으)로 변환하면서 데이터가 손실될 수 있습니다.
c:\users\raix\source\repos\hw5\hw5\main.cpp(164): warning C4172: 지역 변수 또는 임시: result의 주소를 반환하고 있습니다.
  HW5.vcxproj -> C:\Users\RAIX\source\repos\HW5\x64\Debug\HW5.exe
